Build started 12/21/2012 9:08:24 PM.
     1>Project "C:\Documents and Settings\Michael\My Documents\hl2bdm\src\game\server\server_hl2mp-2005.vcxproj" on node 2 (build target(s)).
     1>InitializeBuildStatus:
         Touching ".\Release_hl2mp\Server HL2MP.unsuccessfulbuild".
       ClCompile:
         c:\Program Files\Microsoft Visual Studio 10.0\VC\bin\CL.exe /c /I..\..\common /I..\..\public /I..\..\public\tier0 /I..\..\public\tier1 /I.\ /I..\..\game\shared /I..\..\utils\common /I..\..\game\shared\hl2 /I.\hl2 /I.\hl2mp /I..\..\game\shared\hl2mp /I..\..\game\shared\Multiplayer /Zi /nologo /W4 /WX- /O2 /Ob2 /Oi /Ot /Oy- /D WIN32 /D _WIN32 /D NDEBUG /D _WINDOWS /D _USRDLL /D _CRT_SECURE_NO_DEPRECATE /D _CRT_NONSTDC_NO_DEPRECATE /D GAME_DLL /D VECTOR /D PROTECTED_THINGS_ENABLE /D fopen=dont_use_fopen /D sprintf=use_Q_snprintf_instead_of_sprintf /D strncpy=use_Q_strncpy_instead /D _snprintf=use_Q_snprintf_instead /D HL2MP /D MP_SDK /D HL2_DLL /D VERSION_SAFE_STEAM_API_INTERFACES /D _WINDLL /D _MBCS /GF /Gm- /MT /GS- /Gy /fp:fast /Zc:wchar_t /Zc:forScope /GR /Yc"cbase.h" /Fp".\Release_hl2mp\Server HL2MP.pch" /Fo".\Release_hl2mp\\" /Fd".\Release_hl2mp\vc100.pdb" /Gd /TP /analyze- /errorReport:prompt ..\shared\achievement_saverestore.cpp ..\shared\achievementmgr.cpp ..\shared\achievements_hlx.cpp ..\shared\activitylist.cpp ..\shared\hl2mp\weapon_hl2mpbase_selectfiremachinegun.cpp ..\shared\hl2mp\weapon_iceaxe.cpp ai_activity.cpp ai_baseactor.cpp ai_basehumanoid.cpp ai_basenpc.cpp ai_basenpc_flyer.cpp ai_basenpc_flyer_new.cpp ai_basenpc_movement.cpp ai_basenpc_physicsflyer.cpp ai_basenpc_schedule.cpp ai_basenpc_squad.cpp ai_behavior.cpp ai_behavior_assault.cpp ai_behavior_fear.cpp ai_behavior_follow.cpp ai_behavior_lead.cpp ai_behavior_rappel.cpp ai_behavior_standoff.cpp ai_blended_movement.cpp ai_concommands.cpp ai_condition.cpp AI_Criteria.cpp ai_default.cpp ai_dynamiclink.cpp ai_event.cpp ai_goalentity.cpp ai_hint.cpp ai_hull.cpp ai_initutils.cpp AI_Interest_Target.cpp ai_link.cpp ai_localnavigator.cpp ai_looktarget.cpp ai_memory.cpp ai_motor.cpp ai_moveprobe.cpp ai_moveshoot.cpp ai_movesolver.cpp ai_namespaces.cpp ai_navigator.cpp ai_network.cpp ai_networkmanager.cpp ai_node.cpp ai_pathfinder.cpp ai_planesolver.cpp ai_playerally.cpp ai_relationship.cpp AI_ResponseSystem.cpp ai_route.cpp ai_saverestore.cpp ai_schedule.cpp ai_scriptconditions.cpp ai_senses.cpp ai_sentence.cpp ai_speech.cpp ai_speechfilter.cpp ai_squad.cpp ai_squadslot.cpp ai_tacticalservices.cpp ai_task.cpp ai_trackpather.cpp ai_utils.cpp ai_waypoint.cpp ..\shared\ammodef.cpp ..\shared\animation.cpp ..\shared\base_playeranimstate.cpp base_transmit_proxy.cpp ..\shared\baseachievement.cpp baseanimating.cpp BaseAnimatingOverlay.cpp basecombatcharacter.cpp ..\shared\basecombatcharacter_shared.cpp basecombatweapon.cpp ..\shared\basecombatweapon_shared.cpp baseentity.cpp ..\shared\baseentity_shared.cpp baseflex.cpp basegrenade_concussion.cpp basegrenade_contact.cpp ..\shared\basegrenade_shared.cpp basegrenade_timed.cpp basemultiplayerplayer.cpp ..\shared\baseparticleentity.cpp ..\shared\baseplayer_shared.cpp baseviewmodel.cpp ..\shared\baseviewmodel_shared.cpp ..\shared\beam_shared.cpp bitstring.cpp bmodels.cpp buttons.cpp cbase.cpp client.cpp ..\shared\collisionproperty.cpp colorcorrection.cpp colorcorrectionvolume.cpp CommentarySystem.cpp controlentities.cpp cplane.cpp CRagdollMagnet.cpp damagemodifier.cpp ..\shared\death_pose.cpp ..\shared\debugoverlay_shared.cpp ..\shared\decals.cpp doors.cpp dynamiclight.cpp ..\shared\effect_dispatch_data.cpp effects.cpp EffectsServer.cpp ..\shared\ehandle.cpp entityblocker.cpp EntityDissolve.cpp EntityFlame.cpp entitylist.cpp ..\shared\entitylist_base.cpp EntityParticleTrail.cpp ..\shared\EntityParticleTrail_Shared.cpp env_debughistory.cpp ..\shared\env_detail_controller.cpp env_effectsscript.cpp env_entity_maker.cpp env_particlescript.cpp env_player_surface_trigger.cpp env_projectedtexture.cpp env_screenoverlay.cpp env_texturetoggle.cpp env_tonemap_controller.cpp ..\shared\env_wind_shared.cpp env_zoom.cpp EnvBeam.cpp EnvFade.cpp EnvHudHint.cpp EnvLaser.cpp EnvMessage.cpp envmicrophone.cpp EnvShake.cpp EnvSpark.cpp ..\shared\eventlist.cpp EventLog.cpp explode.cpp filters.cpp fire.cpp fire_smoke.cpp fish.cpp fogcontroller.cpp fourwheelvehiclephysics.cpp func_areaportal.cpp func_areaportalbase.cpp func_areaportalwindow.cpp func_break.cpp func_breakablesurf.cpp func_dust.cpp ..\shared\func_ladder.cpp func_ladder_endpoint.cpp func_lod.cpp hl2mp\betaguns\weapon_alyx_gun.cpp hl2mp\betaguns\weapon_flaregun.cpp hl2mp\betaguns\weapon_hmg1.cpp hl2mp\betaguns\weapon_ociw.cpp hl2mp\betaguns\weapon_sniper.cpp hl2\Func_Monitor.cpp func_movelinear.cpp func_occluder.cpp func_reflective_glass.cpp func_smokevolume.cpp game.cpp game_ui.cpp gameinterface.cpp ..\shared\gamemovement.cpp ..\shared\gamerules.cpp ..\shared\gamerules_register.cpp ..\shared\GameStats.cpp ..\shared\gamestringpool.cpp gametrace_dll.cpp ..\shared\gamevars_shared.cpp gameweaponmanager.cpp genericactor.cpp genericmonster.cpp gib.cpp globals.cpp globalstate.cpp grenadethrown.cpp guntarget.cpp h_ai.cpp h_cycler.cpp hierarchy.cpp ..\shared\hintmessage.cpp ..\shared\hintsystem.cpp hltvdirector.cpp ..\shared\igamesystem.cpp info_camera_link.cpp info_overlay_accessor.cpp intermission.cpp item_world.cpp lightglow.cpp lights.cpp logic_measure_movement.cpp logic_navigation.cpp logicauto.cpp logicentities.cpp logicrelay.cpp mapentities.cpp ..\shared\mapentities_shared.cpp maprules.cpp MaterialModifyControl.cpp message_entity.cpp modelentities.cpp ..\shared\ModelSoundsCache.cpp monstermaker.cpp movehelper_server.cpp movement.cpp ..\shared\movevars_shared.cpp ..\shared\mp_shareddefs.cpp ..\shared\multiplay_gamerules.cpp MP_AI\bot_main.cpp nav_area.cpp nav_colors.cpp nav_edit.cpp nav_file.cpp nav_generate.cpp nav_ladder.cpp nav_mesh.cpp nav_node.cpp ndebugoverlay.cpp npc_vehicledriver.cpp ..\shared\obstacle_pushaway.cpp particle_light.cpp ..\shared\particle_parse.cpp particle_system.cpp ..\shared\particlesystemquery.cpp pathcorner.cpp pathtrack.cpp phys_controller.cpp physconstraint.cpp physics.cpp physics_bone_follower.cpp physics_cannister.cpp physics_fx.cpp physics_impact_damage.cpp physics_main.cpp ..\shared\physics_main_shared.cpp physics_npc_solver.cpp physics_prop_ragdoll.cpp ..\shared\physics_saverestore.cpp ..\shared\physics_shared.cpp physobj.cpp player.cpp player_command.cpp player_lagcompensation.cpp player_pickup.cpp player_resource.cpp playerlocaldata.cpp plugin_check.cpp ..\shared\point_bonusmaps_accessor.cpp point_camera.cpp point_devshot_camera.cpp point_playermoveconstraint.cpp ..\shared\point_posecontroller.cpp point_spotlight.cpp point_template.cpp pointanglesensor.cpp PointAngularVelocitySensor.cpp pointhurt.cpp pointteleport.cpp ..\shared\precache_register.cpp ..\shared\predictableid.cpp ..\shared\predicted_viewmodel.cpp props.cpp ..\shared\props_shared.cpp ragdoll_manager.cpp ..\shared\ragdoll_shared.cpp RagdollBoogie.cpp recipientfilter.cpp rope.cpp ..\shared\rope_helpers.cpp ..\shared\saverestore.cpp saverestore_gamedll.cpp ..\shared\SceneCache.cpp sceneentity.cpp ..\shared\sceneentity_shared.cpp scratchpad_gamedll_helpers.cpp scripted.cpp scriptedtarget.cpp sendproxy.cpp ..\shared\sequence_Transitioner.cpp serverbenchmark_base.cpp ServerNetworkProperty.cpp shadowcontrol.cpp ..\shared\simtimer.cpp ..\shared\singleplay_gamerules.cpp SkyCamera.cpp slideshow_display.cpp sound.cpp ..\shared\SoundEmitterSystem.cpp soundent.cpp ..\shared\soundenvelope.cpp ..\..\public\SoundParametersInternal.cpp soundscape.cpp soundscape_system.cpp spotlightend.cpp ..\shared\Sprite.cpp sprite_perfmonitor.cpp ..\shared\studio_shared.cpp subs.cpp sun.cpp ..\shared\hl2\survival_gamerules.cpp ..\shared\takedamageinfo.cpp tanktrain.cpp team.cpp team_spawnpoint.cpp ..\shared\teamplay_gamerules.cpp TemplateEntities.cpp tempmonster.cpp tesla.cpp ..\shared\test_ehandle.cpp test_proxytoggle.cpp test_stressentities.cpp testfunctions.cpp testtraceline.cpp textstatsmgr.cpp timedeventmgr.cpp trains.cpp triggers.cpp ..\shared\usercmd.cpp util.cpp ..\shared\util_shared.cpp variant_t.cpp vehicle_base.cpp vehicle_baseserver.cpp ..\shared\vehicle_viewblend_shared.cpp vguiscreen.cpp ..\shared\voice_gamemgr.cpp waterbullet.cpp WaterLODControl.cpp wcedit.cpp ..\shared\weapon_parse.cpp ..\shared\weapon_proficiency.cpp weight_button.cpp world.cpp basetempentity.cpp event_tempentity_tester.cpp movie_explosion.cpp particle_fire.cpp particle_smokegrenade.cpp plasma.cpp smoke_trail.cpp smokestack.cpp ..\shared\SpriteTrail.cpp steamjet.cpp te.cpp te_armorricochet.cpp te_basebeam.cpp te_beamentpoint.cpp te_beaments.cpp te_beamfollow.cpp te_beamlaser.cpp te_beampoints.cpp te_beamring.cpp te_beamringpoint.cpp te_beamspline.cpp te_bloodsprite.cpp te_bloodstream.cpp te_breakmodel.cpp te_bspdecal.cpp te_bubbles.cpp te_bubbletrail.cpp te_clientprojectile.cpp te_decal.cpp te_dynamiclight.cpp te_effect_dispatch.cpp te_energysplash.cpp te_explosion.cpp te_fizz.cpp te_footprintdecal.cpp hl2\te_gaussexplosion.cpp te_glassshatter.cpp te_glowsprite.cpp te_impact.cpp te_killplayerattachments.cpp te_largefunnel.cpp te_muzzleflash.cpp te_particlesystem.cpp te_physicsprop.cpp te_playerdecal.cpp te_projecteddecal.cpp te_showline.cpp te_smoke.cpp te_sparks.cpp te_sprite.cpp te_spritespray.cpp te_worlddecal.cpp ..\shared\usermessages.cpp hl2\ai_allymanager.cpp hl2\ai_behavior_actbusy.cpp hl2\ai_behavior_functank.cpp hl2\ai_behavior_holster.cpp hl2\ai_behavior_police.cpp hl2\ai_goal_police.cpp hl2\ai_spotlight.cpp hl2\antlion_dust.cpp hl2\antlion_maker.cpp hl2\ar2_explosion.cpp basebludgeonweapon.cpp hl2\basehlcombatweapon.cpp ..\shared\hl2\basehlcombatweapon_shared.cpp hl2\cbasehelicopter.cpp hl2\cbasespriteprojectile.cpp hl2\citadel_effects.cpp hl2\combine_mine.cpp hl2\env_alyxemp.cpp hl2\env_headcrabcanister.cpp ..\shared\hl2\env_headcrabcanister_shared.cpp hl2\env_speaker.cpp hl2\env_starfield.cpp hl2\func_recharge.cpp hl2\func_tank.cpp hl2\grenade_ar2.cpp hl2\grenade_bugbait.cpp hl2\grenade_frag.cpp hl2\hl2_ai_network.cpp hl2\hl2_eventlog.cpp ..\shared\hl2\hl2_gamerules.cpp hl2\hl2_player.cpp hl2\hl2_playerlocaldata.cpp hl2\hl2_triggers.cpp ..\shared\hl2\hl2_usermessages.cpp ..\shared\hl2\hl_gamemovement.cpp hl2\hl_playermove.cpp hl2\info_teleporter_countdown.cpp hl2\item_ammo.cpp hl2\item_battery.cpp hl2\item_dynamic_resupply.cpp hl2\item_healthkit.cpp hl2\item_itemcrate.cpp hl2\item_suit.cpp hl2\look_door.cpp hl2\monster_dummy.cpp hl2\npc_alyx.cpp hl2\npc_antlion.cpp hl2\npc_antlionguard.cpp hl2\npc_apcdriver.cpp hl2\npc_attackchopper.cpp hl2\npc_barnacle.cpp hl2\npc_barney.cpp hl2\npc_basescanner.cpp hl2\npc_BaseZombie.cpp hl2\npc_breen.cpp hl2\npc_bullseye.cpp hl2\npc_citizen17.cpp hl2\npc_combine.cpp hl2\npc_combinecamera.cpp hl2\npc_combinedropship.cpp hl2\npc_combinegunship.cpp hl2\npc_combines.cpp hl2\npc_cranedriver.cpp hl2\npc_crow.cpp hl2\npc_dog.cpp hl2\npc_eli.cpp hl2\npc_enemyfinder.cpp hl2\npc_fisherman.cpp hl2\npc_gman.cpp hl2\npc_headcrab.cpp hl2\npc_ichthyosaur.cpp hl2\npc_kleiner.cpp hl2\npc_launcher.cpp hl2\npc_manhack.cpp hl2\npc_metropolice.cpp hl2\npc_monk.cpp hl2\npc_mossman.cpp hl2\npc_playercompanion.cpp hl2\npc_PoisonZombie.cpp hl2\npc_rollermine.cpp hl2\npc_scanner.cpp hl2\npc_stalker.cpp hl2\npc_strider.cpp npc_talker.cpp hl2\npc_turret_ceiling.cpp hl2\npc_turret_floor.cpp hl2\npc_turret_ground.cpp hl2\npc_vortigaunt_episodic.cpp hl2\npc_zombie.cpp hl2\point_apc_controller.cpp hl2\prop_combine_ball.cpp hl2\prop_thumper.cpp hl2\proto_sniper.cpp hl2\rotorwash.cpp hl2\script_intro.cpp ..\shared\script_intro_shared.cpp hl2\vehicle_airboat.cpp hl2\vehicle_crane.cpp hl2\vehicle_prisoner_pod.cpp hl2\vehicle_viewcontroller.cpp hl2\weapon_annabelle.cpp hl2\weapon_bugbait.cpp weapon_cubemap.cpp hl2\grenade_beam.cpp hl2\grenade_homer.cpp hl2\grenade_pathfollower.cpp hl2\vehicle_apc.cpp hl2\weapon_cguard.cpp hl2mp\hl2mp_bot_temp.cpp hl2mp\hl2mp_client.cpp hl2mp\hl2mp_cvars.cpp hl2mp\hl2mp_gameinterface.cpp ..\shared\hl2mp\hl2mp_gamerules.cpp hl2mp\hl2mp_player.cpp ..\shared\hl2mp\hl2mp_player_shared.cpp ..\shared\hl2mp\hl2mp_playeranimstate.cpp ..\shared\hl2mp\hl2mp_weapon_parse.cpp hl2mp\grenade_satchel.cpp hl2mp\grenade_tripmine.cpp hl2mp\te_hl2mp_shotgun_shot.cpp ..\shared\hl2mp\weapon_357.cpp ..\shared\hl2mp\weapon_ar2.cpp ..\shared\hl2mp\weapon_crossbow.cpp ..\shared\hl2mp\weapon_crowbar.cpp ..\shared\hl2mp\weapon_frag.cpp ..\shared\hl2mp\weapon_hl2mpbase.cpp ..\shared\hl2mp\weapon_hl2mpbase_machinegun.cpp ..\shared\hl2mp\weapon_hl2mpbasebasebludgeon.cpp ..\shared\hl2mp\weapon_hl2mpbasehlmpcombatweapon.cpp ..\shared\hl2mp\weapon_physcannon.cpp ..\shared\hl2mp\weapon_pistol.cpp ..\shared\hl2mp\weapon_rpg.cpp ..\shared\hl2mp\weapon_shotgun.cpp ..\shared\hl2mp\weapon_slam.cpp ..\shared\hl2mp\weapon_smg1.cpp ..\shared\hl2mp\weapon_stunstick.cpp playerinfomanager.cpp ..\shared\Multiplayer\multiplayer_animstate.cpp entity_tools_server.cpp toolframework_server.cpp /MP 
     1>cl : Command line warning D9030: '/Yc' is incompatible with multiprocessing; ignoring /MP switch
         achievement_saverestore.cpp
         achievementmgr.cpp
         achievements_hlx.cpp
         activitylist.cpp
         weapon_hl2mpbase_selectfiremachinegun.cpp
         weapon_iceaxe.cpp
         ai_activity.cpp
         ai_baseactor.cpp
         ai_basehumanoid.cpp
         ai_basenpc.cpp
         ai_basenpc_flyer.cpp
         ai_basenpc_flyer_new.cpp
         ai_basenpc_movement.cpp
         ai_basenpc_physicsflyer.cpp
         ai_basenpc_schedule.cpp
         ai_basenpc_squad.cpp
         ai_behavior.cpp
         ai_behavior_assault.cpp
         ai_behavior_fear.cpp
         ai_behavior_follow.cpp
         ai_behavior_lead.cpp
         ai_behavior_rappel.cpp
         ai_behavior_standoff.cpp
         ai_blended_movement.cpp
         ai_concommands.cpp
         ai_condition.cpp
         AI_Criteria.cpp
         ai_default.cpp
         ai_dynamiclink.cpp
         ai_event.cpp
         ai_goalentity.cpp
         ai_hint.cpp
         ai_hull.cpp
         ai_initutils.cpp
         AI_Interest_Target.cpp
         ai_link.cpp
         ai_localnavigator.cpp
         ai_looktarget.cpp
         ai_memory.cpp
         ai_motor.cpp
         ai_moveprobe.cpp
         ai_moveshoot.cpp
         ai_movesolver.cpp
         ai_namespaces.cpp
         ai_navigator.cpp
         ai_network.cpp
         ai_networkmanager.cpp
         ai_node.cpp
         ai_pathfinder.cpp
         ai_planesolver.cpp
         ai_playerally.cpp
         ai_relationship.cpp
         AI_ResponseSystem.cpp
         ai_route.cpp
         ai_saverestore.cpp
         ai_schedule.cpp
         ai_scriptconditions.cpp
         ai_senses.cpp
         ai_sentence.cpp
         ai_speech.cpp
         ai_speechfilter.cpp
         ai_squad.cpp
         ai_squadslot.cpp
         ai_tacticalservices.cpp
         ai_task.cpp
         ai_trackpather.cpp
         ai_utils.cpp
         ai_waypoint.cpp
         ammodef.cpp
         animation.cpp
         base_playeranimstate.cpp
         base_transmit_proxy.cpp
         baseachievement.cpp
         baseanimating.cpp
         BaseAnimatingOverlay.cpp
         basecombatcharacter.cpp
         basecombatcharacter_shared.cpp
         basecombatweapon.cpp
         basecombatweapon_shared.cpp
         baseentity.cpp
         baseentity_shared.cpp
         baseflex.cpp
         basegrenade_concussion.cpp
         basegrenade_contact.cpp
         basegrenade_shared.cpp
         basegrenade_timed.cpp
         basemultiplayerplayer.cpp
         baseparticleentity.cpp
         baseplayer_shared.cpp
         baseviewmodel.cpp
         baseviewmodel_shared.cpp
         beam_shared.cpp
         bitstring.cpp
         bmodels.cpp
         buttons.cpp
         cbase.cpp
         client.cpp
         collisionproperty.cpp
         colorcorrection.cpp
         colorcorrectionvolume.cpp
         CommentarySystem.cpp
         controlentities.cpp
         cplane.cpp
         CRagdollMagnet.cpp
         damagemodifier.cpp
         death_pose.cpp
         debugoverlay_shared.cpp
         decals.cpp
         doors.cpp
         dynamiclight.cpp
         effect_dispatch_data.cpp
         effects.cpp
         EffectsServer.cpp
         ehandle.cpp
         entityblocker.cpp
         EntityDissolve.cpp
         EntityFlame.cpp
         entitylist.cpp
         entitylist_base.cpp
         EntityParticleTrail.cpp
         EntityParticleTrail_Shared.cpp
         env_debughistory.cpp
         env_detail_controller.cpp
         env_effectsscript.cpp
         env_entity_maker.cpp
         env_particlescript.cpp
         env_player_surface_trigger.cpp
         env_projectedtexture.cpp
         env_screenoverlay.cpp
         env_texturetoggle.cpp
         env_tonemap_controller.cpp
         env_wind_shared.cpp
         env_zoom.cpp
         EnvBeam.cpp
         EnvFade.cpp
         EnvHudHint.cpp
         EnvLaser.cpp
         EnvMessage.cpp
         envmicrophone.cpp
         EnvShake.cpp
         EnvSpark.cpp
         eventlist.cpp
         EventLog.cpp
         explode.cpp
         filters.cpp
         fire.cpp
         fire_smoke.cpp
         fish.cpp
         fogcontroller.cpp
         fourwheelvehiclephysics.cpp
         func_areaportal.cpp
         func_areaportalbase.cpp
         func_areaportalwindow.cpp
         func_break.cpp
         func_breakablesurf.cpp
         func_dust.cpp
         func_ladder.cpp
         func_ladder_endpoint.cpp
         func_lod.cpp
         weapon_alyx_gun.cpp
         weapon_flaregun.cpp
         weapon_hmg1.cpp
         weapon_ociw.cpp
         weapon_sniper.cpp
         Func_Monitor.cpp
         func_movelinear.cpp
         func_occluder.cpp
         func_reflective_glass.cpp
         func_smokevolume.cpp
         game.cpp
         game_ui.cpp
         gameinterface.cpp
         gamemovement.cpp
         gamerules.cpp
         gamerules_register.cpp
         GameStats.cpp
         gamestringpool.cpp
         gametrace_dll.cpp
         gamevars_shared.cpp
         gameweaponmanager.cpp
         genericactor.cpp
         genericmonster.cpp
         gib.cpp
         globals.cpp
         globalstate.cpp
         grenadethrown.cpp
         guntarget.cpp
         h_ai.cpp
         h_cycler.cpp
         hierarchy.cpp
         hintmessage.cpp
         hintsystem.cpp
         hltvdirector.cpp
         igamesystem.cpp
         info_camera_link.cpp
         info_overlay_accessor.cpp
         intermission.cpp
         item_world.cpp
         lightglow.cpp
         lights.cpp
         logic_measure_movement.cpp
         logic_navigation.cpp
         logicauto.cpp
         logicentities.cpp
         logicrelay.cpp
         mapentities.cpp
         mapentities_shared.cpp
         maprules.cpp
         MaterialModifyControl.cpp
         message_entity.cpp
         modelentities.cpp
         ModelSoundsCache.cpp
         monstermaker.cpp
         movehelper_server.cpp
         movement.cpp
         movevars_shared.cpp
         mp_shareddefs.cpp
         multiplay_gamerules.cpp
         bot_main.cpp
         nav_area.cpp
         nav_colors.cpp
         nav_edit.cpp
         nav_file.cpp
         nav_generate.cpp
         nav_ladder.cpp
         nav_mesh.cpp
         nav_node.cpp
         ndebugoverlay.cpp
         npc_vehicledriver.cpp
         obstacle_pushaway.cpp
         particle_light.cpp
         particle_parse.cpp
         particle_system.cpp
         particlesystemquery.cpp
         pathcorner.cpp
         pathtrack.cpp
         phys_controller.cpp
         physconstraint.cpp
         physics.cpp
         physics_bone_follower.cpp
         physics_cannister.cpp
         physics_fx.cpp
         physics_impact_damage.cpp
         physics_main.cpp
         physics_main_shared.cpp
         physics_npc_solver.cpp
         physics_prop_ragdoll.cpp
         physics_saverestore.cpp
         physics_shared.cpp
         physobj.cpp
         player.cpp
         player_command.cpp
         player_lagcompensation.cpp
         player_pickup.cpp
         player_resource.cpp
         playerlocaldata.cpp
         plugin_check.cpp
         point_bonusmaps_accessor.cpp
         point_camera.cpp
         point_devshot_camera.cpp
         point_playermoveconstraint.cpp
         point_posecontroller.cpp
         point_spotlight.cpp
         point_template.cpp
         pointanglesensor.cpp
         PointAngularVelocitySensor.cpp
         pointhurt.cpp
         pointteleport.cpp
         precache_register.cpp
         predictableid.cpp
         predicted_viewmodel.cpp
         props.cpp
         props_shared.cpp
         ragdoll_manager.cpp
         ragdoll_shared.cpp
         RagdollBoogie.cpp
         recipientfilter.cpp
         rope.cpp
         rope_helpers.cpp
         saverestore.cpp
         saverestore_gamedll.cpp
         SceneCache.cpp
         sceneentity.cpp
         sceneentity_shared.cpp
         scratchpad_gamedll_helpers.cpp
         scripted.cpp
         scriptedtarget.cpp
         sendproxy.cpp
         sequence_Transitioner.cpp
         serverbenchmark_base.cpp
         ServerNetworkProperty.cpp
         shadowcontrol.cpp
         simtimer.cpp
         singleplay_gamerules.cpp
         SkyCamera.cpp
         slideshow_display.cpp
         sound.cpp
         SoundEmitterSystem.cpp
         soundent.cpp
         soundenvelope.cpp
         SoundParametersInternal.cpp
         soundscape.cpp
         soundscape_system.cpp
         spotlightend.cpp
         Sprite.cpp
         sprite_perfmonitor.cpp
         studio_shared.cpp
         subs.cpp
         sun.cpp
         survival_gamerules.cpp
         takedamageinfo.cpp
         tanktrain.cpp
         team.cpp
         team_spawnpoint.cpp
         teamplay_gamerules.cpp
         TemplateEntities.cpp
         tempmonster.cpp
         tesla.cpp
         test_ehandle.cpp
         test_proxytoggle.cpp
         test_stressentities.cpp
         testfunctions.cpp
         testtraceline.cpp
         textstatsmgr.cpp
         timedeventmgr.cpp
         trains.cpp
         triggers.cpp
         usercmd.cpp
         util.cpp
         util_shared.cpp
         variant_t.cpp
         vehicle_base.cpp
         vehicle_baseserver.cpp
         vehicle_viewblend_shared.cpp
         vguiscreen.cpp
         voice_gamemgr.cpp
         waterbullet.cpp
         WaterLODControl.cpp
         wcedit.cpp
         weapon_parse.cpp
         weapon_proficiency.cpp
         weight_button.cpp
         world.cpp
         basetempentity.cpp
         event_tempentity_tester.cpp
         movie_explosion.cpp
         particle_fire.cpp
         particle_smokegrenade.cpp
         plasma.cpp
         smoke_trail.cpp
         smokestack.cpp
         SpriteTrail.cpp
         steamjet.cpp
         te.cpp
         te_armorricochet.cpp
         te_basebeam.cpp
         te_beamentpoint.cpp
         te_beaments.cpp
         te_beamfollow.cpp
         te_beamlaser.cpp
         te_beampoints.cpp
         te_beamring.cpp
         te_beamringpoint.cpp
         te_beamspline.cpp
         te_bloodsprite.cpp
         te_bloodstream.cpp
         te_breakmodel.cpp
         te_bspdecal.cpp
         te_bubbles.cpp
         te_bubbletrail.cpp
         te_clientprojectile.cpp
         te_decal.cpp
         te_dynamiclight.cpp
         te_effect_dispatch.cpp
         te_energysplash.cpp
         te_explosion.cpp
         te_fizz.cpp
         te_footprintdecal.cpp
         te_gaussexplosion.cpp
         te_glassshatter.cpp
         te_glowsprite.cpp
         te_impact.cpp
         te_killplayerattachments.cpp
         te_largefunnel.cpp
         te_muzzleflash.cpp
         te_particlesystem.cpp
         te_physicsprop.cpp
         te_playerdecal.cpp
         te_projecteddecal.cpp
         te_showline.cpp
         te_smoke.cpp
         te_sparks.cpp
         te_sprite.cpp
         te_spritespray.cpp
         te_worlddecal.cpp
         usermessages.cpp
         ai_allymanager.cpp
         ai_behavior_actbusy.cpp
         ai_behavior_functank.cpp
         ai_behavior_holster.cpp
         ai_behavior_police.cpp
         ai_goal_police.cpp
         ai_spotlight.cpp
         antlion_dust.cpp
         antlion_maker.cpp
         ar2_explosion.cpp
         basebludgeonweapon.cpp
         basehlcombatweapon.cpp
         basehlcombatweapon_shared.cpp
         cbasehelicopter.cpp
         cbasespriteprojectile.cpp
         citadel_effects.cpp
         combine_mine.cpp
         env_alyxemp.cpp
         env_headcrabcanister.cpp
         env_headcrabcanister_shared.cpp
         env_speaker.cpp
         env_starfield.cpp
         func_recharge.cpp
         func_tank.cpp
         grenade_ar2.cpp
         grenade_bugbait.cpp
         grenade_frag.cpp
         hl2_ai_network.cpp
         hl2_eventlog.cpp
         hl2_gamerules.cpp
         hl2_player.cpp
         hl2_playerlocaldata.cpp
         hl2_triggers.cpp
         hl2_usermessages.cpp
         hl_gamemovement.cpp
         hl_playermove.cpp
         info_teleporter_countdown.cpp
         item_ammo.cpp
         item_battery.cpp
         item_dynamic_resupply.cpp
         item_healthkit.cpp
         item_itemcrate.cpp
         item_suit.cpp
         look_door.cpp
         monster_dummy.cpp
         npc_alyx.cpp
         npc_antlion.cpp
         npc_antlionguard.cpp
         npc_apcdriver.cpp
         npc_attackchopper.cpp
         npc_barnacle.cpp
         npc_barney.cpp
         npc_basescanner.cpp
         npc_BaseZombie.cpp
         npc_breen.cpp
         npc_bullseye.cpp
         npc_citizen17.cpp
         npc_combine.cpp
         npc_combinecamera.cpp
         npc_combinedropship.cpp
         npc_combinegunship.cpp
         npc_combines.cpp
         npc_cranedriver.cpp
         npc_crow.cpp
         npc_dog.cpp
         npc_eli.cpp
         npc_enemyfinder.cpp
         npc_fisherman.cpp
         npc_gman.cpp
         npc_headcrab.cpp
         npc_ichthyosaur.cpp
         npc_kleiner.cpp
         npc_launcher.cpp
         npc_manhack.cpp
         npc_metropolice.cpp
         npc_monk.cpp
         npc_mossman.cpp
         npc_playercompanion.cpp
         npc_PoisonZombie.cpp
         npc_rollermine.cpp
         npc_scanner.cpp
         npc_stalker.cpp
         npc_strider.cpp
         npc_talker.cpp
         npc_turret_ceiling.cpp
         npc_turret_floor.cpp
         npc_turret_ground.cpp
         npc_vortigaunt_episodic.cpp
         npc_zombie.cpp
         point_apc_controller.cpp
         prop_combine_ball.cpp
         prop_thumper.cpp
         proto_sniper.cpp
         rotorwash.cpp
         script_intro.cpp
         script_intro_shared.cpp
         vehicle_airboat.cpp
         vehicle_crane.cpp
         vehicle_prisoner_pod.cpp
         vehicle_viewcontroller.cpp
         weapon_annabelle.cpp
         weapon_bugbait.cpp
         weapon_cubemap.cpp
         grenade_beam.cpp
         grenade_homer.cpp
         grenade_pathfollower.cpp
         vehicle_apc.cpp
         weapon_cguard.cpp
         hl2mp_bot_temp.cpp
         hl2mp_client.cpp
         hl2mp_cvars.cpp
         hl2mp_gameinterface.cpp
         hl2mp_gamerules.cpp
         hl2mp_player.cpp
         hl2mp_player_shared.cpp
         hl2mp_playeranimstate.cpp
         hl2mp_weapon_parse.cpp
         grenade_satchel.cpp
         grenade_tripmine.cpp
         te_hl2mp_shotgun_shot.cpp
         weapon_357.cpp
         weapon_ar2.cpp
         weapon_crossbow.cpp
         weapon_crowbar.cpp
         weapon_frag.cpp
         weapon_hl2mpbase.cpp
         weapon_hl2mpbase_machinegun.cpp
         weapon_hl2mpbasebasebludgeon.cpp
         weapon_hl2mpbasehlmpcombatweapon.cpp
         weapon_physcannon.cpp
         weapon_pistol.cpp
         weapon_rpg.cpp
         weapon_shotgun.cpp
         weapon_slam.cpp
         weapon_smg1.cpp
         weapon_stunstick.cpp
         playerinfomanager.cpp
         multiplayer_animstate.cpp
         entity_tools_server.cpp
         toolframework_server.cpp
         All outputs are up-to-date.
     1>C:\Program Files\MSBuild\Microsoft.Cpp\v4.0\Microsoft.CppBuild.targets(990,5): warning MSB8012: TargetPath(C:\Documents and Settings\Michael\My Documents\hl2bdm\src\game\server\.\Release_hl2mp\Server HL2MP.dll) does not match the Linker's OutputFile property value (C:\Documents and Settings\Michael\My Documents\hl2bdm\src\game\server\Release_hl2mp\Server.dll). This may cause your project to build incorrectly. To correct this, please make sure that $(OutDir), $(TargetName) and $(TargetExt) property values match the value specified in %(Link.OutputFile).
     1>C:\Program Files\MSBuild\Microsoft.Cpp\v4.0\Microsoft.CppBuild.targets(992,5): warning MSB8012: TargetName(Server HL2MP) does not match the Linker's OutputFile property value (Server). This may cause your project to build incorrectly. To correct this, please make sure that $(OutDir), $(TargetName) and $(TargetExt) property values match the value specified in %(Link.OutputFile).
       Link:
         c:\Program Files\Microsoft Visual Studio 10.0\VC\bin\link.exe /ERRORREPORT:PROMPT /OUT:".\Release_hl2mp\Server.dll" /INCREMENTAL:NO /NOLOGO /LIBPATH:..\..\lib\common /LIBPATH:..\..\lib\public winmm.lib kernel32.lib user32.lib gdi32.lib winspool.lib comdlg32.lib advapi32.lib shell32.lib ole32.lib oleaut32.lib uuid.lib odbc32.lib odbccp32.lib /NODEFAULTLIB:libc /NODEFAULTLIB:libcd /NODEFAULTLIB:libcmtd /MANIFEST:NO /DEBUG /PDB:".\Release_hl2mp\Server HL2MP.pdb" /MAP:".\Release_hl2mp\Server HL2MP.map" /SUBSYSTEM:WINDOWS /OPT:REF /OPT:ICF /TLBID:1 /DYNAMICBASE /NXCOMPAT /IMPLIB:".\Release_hl2mp\Server HL2MP.lib" /MACHINE:X86 /DLL .\Release_hl2mp\achievement_saverestore.obj
         .\Release_hl2mp\achievementmgr.obj
         .\Release_hl2mp\achievements_hlx.obj
         .\Release_hl2mp\activitylist.obj
         .\Release_hl2mp\weapon_hl2mpbase_selectfiremachinegun.obj
         .\Release_hl2mp\weapon_iceaxe.obj
         .\Release_hl2mp\ai_activity.obj
         .\Release_hl2mp\ai_baseactor.obj
         .\Release_hl2mp\ai_basehumanoid.obj
         .\Release_hl2mp\ai_basenpc.obj
         .\Release_hl2mp\ai_basenpc_flyer.obj
         .\Release_hl2mp\ai_basenpc_flyer_new.obj
         .\Release_hl2mp\ai_basenpc_movement.obj
         .\Release_hl2mp\ai_basenpc_physicsflyer.obj
         .\Release_hl2mp\ai_basenpc_schedule.obj
         .\Release_hl2mp\ai_basenpc_squad.obj
         .\Release_hl2mp\ai_behavior.obj
         .\Release_hl2mp\ai_behavior_assault.obj
         .\Release_hl2mp\ai_behavior_fear.obj
         .\Release_hl2mp\ai_behavior_follow.obj
         .\Release_hl2mp\ai_behavior_lead.obj
         .\Release_hl2mp\ai_behavior_rappel.obj
         .\Release_hl2mp\ai_behavior_standoff.obj
         .\Release_hl2mp\ai_blended_movement.obj
         .\Release_hl2mp\ai_concommands.obj
         .\Release_hl2mp\ai_condition.obj
         .\Release_hl2mp\AI_Criteria.obj
         .\Release_hl2mp\ai_default.obj
         .\Release_hl2mp\ai_dynamiclink.obj
         .\Release_hl2mp\ai_event.obj
         .\Release_hl2mp\ai_goalentity.obj
         .\Release_hl2mp\ai_hint.obj
         .\Release_hl2mp\ai_hull.obj
         .\Release_hl2mp\ai_initutils.obj
         .\Release_hl2mp\AI_Interest_Target.obj
         .\Release_hl2mp\ai_link.obj
         .\Release_hl2mp\ai_localnavigator.obj
         .\Release_hl2mp\ai_looktarget.obj
         .\Release_hl2mp\ai_memory.obj
         .\Release_hl2mp\ai_motor.obj
         .\Release_hl2mp\ai_moveprobe.obj
         .\Release_hl2mp\ai_moveshoot.obj
         .\Release_hl2mp\ai_movesolver.obj
         .\Release_hl2mp\ai_namespaces.obj
         .\Release_hl2mp\ai_navigator.obj
         .\Release_hl2mp\ai_network.obj
         .\Release_hl2mp\ai_networkmanager.obj
         .\Release_hl2mp\ai_node.obj
         .\Release_hl2mp\ai_pathfinder.obj
         .\Release_hl2mp\ai_planesolver.obj
         .\Release_hl2mp\ai_playerally.obj
         .\Release_hl2mp\ai_relationship.obj
         .\Release_hl2mp\AI_ResponseSystem.obj
         .\Release_hl2mp\ai_route.obj
         .\Release_hl2mp\ai_saverestore.obj
         .\Release_hl2mp\ai_schedule.obj
         .\Release_hl2mp\ai_scriptconditions.obj
         .\Release_hl2mp\ai_senses.obj
         .\Release_hl2mp\ai_sentence.obj
         .\Release_hl2mp\ai_speech.obj
         .\Release_hl2mp\ai_speechfilter.obj
         .\Release_hl2mp\ai_squad.obj
         .\Release_hl2mp\ai_squadslot.obj
         .\Release_hl2mp\ai_tacticalservices.obj
         .\Release_hl2mp\ai_task.obj
         .\Release_hl2mp\ai_trackpather.obj
         .\Release_hl2mp\ai_utils.obj
         .\Release_hl2mp\ai_waypoint.obj
         .\Release_hl2mp\ammodef.obj
         .\Release_hl2mp\animation.obj
         .\Release_hl2mp\base_playeranimstate.obj
         .\Release_hl2mp\base_transmit_proxy.obj
         .\Release_hl2mp\baseachievement.obj
         .\Release_hl2mp\baseanimating.obj
         .\Release_hl2mp\BaseAnimatingOverlay.obj
         .\Release_hl2mp\basecombatcharacter.obj
         .\Release_hl2mp\basecombatcharacter_shared.obj
         .\Release_hl2mp\basecombatweapon.obj
         .\Release_hl2mp\basecombatweapon_shared.obj
         .\Release_hl2mp\baseentity.obj
         .\Release_hl2mp\baseentity_shared.obj
         .\Release_hl2mp\baseflex.obj
         .\Release_hl2mp\basegrenade_concussion.obj
         .\Release_hl2mp\basegrenade_contact.obj
         .\Release_hl2mp\basegrenade_shared.obj
         .\Release_hl2mp\basegrenade_timed.obj
         .\Release_hl2mp\basemultiplayerplayer.obj
         .\Release_hl2mp\baseparticleentity.obj
         .\Release_hl2mp\baseplayer_shared.obj
         .\Release_hl2mp\baseviewmodel.obj
         .\Release_hl2mp\baseviewmodel_shared.obj
         .\Release_hl2mp\beam_shared.obj
         .\Release_hl2mp\bitstring.obj
         .\Release_hl2mp\bmodels.obj
         .\Release_hl2mp\bone_setup.obj
         .\Release_hl2mp\buttons.obj
         .\Release_hl2mp\cbase.obj
         .\Release_hl2mp\client.obj
         .\Release_hl2mp\collisionproperty.obj
         .\Release_hl2mp\collisionutils.obj
         .\Release_hl2mp\colorcorrection.obj
         .\Release_hl2mp\colorcorrectionvolume.obj
         .\Release_hl2mp\CommentarySystem.obj
         .\Release_hl2mp\controlentities.obj
         .\Release_hl2mp\cplane.obj
         .\Release_hl2mp\CRagdollMagnet.obj
         .\Release_hl2mp\damagemodifier.obj
         .\Release_hl2mp\death_pose.obj
         .\Release_hl2mp\debugoverlay_shared.obj
         .\Release_hl2mp\decals.obj
         .\Release_hl2mp\doors.obj
         .\Release_hl2mp\dt_send.obj
         .\Release_hl2mp\dt_utlvector_common.obj
         .\Release_hl2mp\dt_utlvector_send.obj
         .\Release_hl2mp\dynamiclight.obj
         .\Release_hl2mp\editor_sendcommand.obj
         .\Release_hl2mp\effect_dispatch_data.obj
         .\Release_hl2mp\effects.obj
         .\Release_hl2mp\EffectsServer.obj
         .\Release_hl2mp\ehandle.obj
         .\Release_hl2mp\entityblocker.obj
         .\Release_hl2mp\EntityDissolve.obj
         .\Release_hl2mp\EntityFlame.obj
         .\Release_hl2mp\entitylist.obj
         .\Release_hl2mp\entitylist_base.obj
         .\Release_hl2mp\EntityParticleTrail.obj
         .\Release_hl2mp\EntityParticleTrail_Shared.obj
         .\Release_hl2mp\env_debughistory.obj
         .\Release_hl2mp\env_detail_controller.obj
         .\Release_hl2mp\env_effectsscript.obj
         .\Release_hl2mp\env_entity_maker.obj
         .\Release_hl2mp\env_particlescript.obj
         .\Release_hl2mp\env_player_surface_trigger.obj
         .\Release_hl2mp\env_projectedtexture.obj
         .\Release_hl2mp\env_screenoverlay.obj
         .\Release_hl2mp\env_texturetoggle.obj
         .\Release_hl2mp\env_tonemap_controller.obj
         .\Release_hl2mp\env_wind_shared.obj
         .\Release_hl2mp\env_zoom.obj
         .\Release_hl2mp\EnvBeam.obj
         .\Release_hl2mp\EnvFade.obj
         .\Release_hl2mp\EnvHudHint.obj
         .\Release_hl2mp\EnvLaser.obj
         .\Release_hl2mp\EnvMessage.obj
         .\Release_hl2mp\envmicrophone.obj
         .\Release_hl2mp\EnvShake.obj
         .\Release_hl2mp\EnvSpark.obj
         .\Release_hl2mp\eventlist.obj
         .\Release_hl2mp\EventLog.obj
         .\Release_hl2mp\explode.obj
         .\Release_hl2mp\filesystem_helpers.obj
         .\Release_hl2mp\filters.obj
         .\Release_hl2mp\fire.obj
         .\Release_hl2mp\fire_smoke.obj
         .\Release_hl2mp\fish.obj
         .\Release_hl2mp\fogcontroller.obj
         .\Release_hl2mp\fourwheelvehiclephysics.obj
         .\Release_hl2mp\func_areaportal.obj
         .\Release_hl2mp\func_areaportalbase.obj
         .\Release_hl2mp\func_areaportalwindow.obj
         .\Release_hl2mp\func_break.obj
         .\Release_hl2mp\func_breakablesurf.obj
         .\Release_hl2mp\func_dust.obj
         .\Release_hl2mp\func_ladder.obj
         .\Release_hl2mp\func_ladder_endpoint.obj
         .\Release_hl2mp\func_lod.obj
         .\Release_hl2mp\weapon_alyx_gun.obj
         .\Release_hl2mp\weapon_flaregun.obj
         .\Release_hl2mp\weapon_hmg1.obj
         .\Release_hl2mp\weapon_ociw.obj
         .\Release_hl2mp\weapon_sniper.obj
         .\Release_hl2mp\Func_Monitor.obj
         .\Release_hl2mp\func_movelinear.obj
         .\Release_hl2mp\func_occluder.obj
         .\Release_hl2mp\func_reflective_glass.obj
         .\Release_hl2mp\func_smokevolume.obj
         .\Release_hl2mp\game.obj
         .\Release_hl2mp\game_ui.obj
         .\Release_hl2mp\gamehandle.obj
         .\Release_hl2mp\gameinterface.obj
         .\Release_hl2mp\gamemovement.obj
         .\Release_hl2mp\gamerules.obj
         .\Release_hl2mp\gamerules_register.obj
         .\Release_hl2mp\GameStats.obj
         .\Release_hl2mp\GameStats_BasicStatsFunctions.obj
         .\Release_hl2mp\gamestringpool.obj
         .\Release_hl2mp\gametrace_dll.obj
         .\Release_hl2mp\gamevars_shared.obj
         .\Release_hl2mp\gameweaponmanager.obj
         .\Release_hl2mp\genericactor.obj
         .\Release_hl2mp\genericmonster.obj
         .\Release_hl2mp\gib.obj
         .\Release_hl2mp\globals.obj
         .\Release_hl2mp\globalstate.obj
         .\Release_hl2mp\grenadethrown.obj
         .\Release_hl2mp\guntarget.obj
         .\Release_hl2mp\h_ai.obj
         .\Release_hl2mp\h_cycler.obj
         .\Release_hl2mp\h_export.obj
         .\Release_hl2mp\hierarchy.obj
         .\Release_hl2mp\hintmessage.obj
         .\Release_hl2mp\hintsystem.obj
         .\Release_hl2mp\hltvdirector.obj
         .\Release_hl2mp\igamesystem.obj
         .\Release_hl2mp\info_camera_link.obj
         .\Release_hl2mp\info_overlay_accessor.obj
         .\Release_hl2mp\init_factory.obj
         .\Release_hl2mp\intermission.obj
         .\Release_hl2mp\interpolatortypes.obj
         .\Release_hl2mp\interval.obj
         .\Release_hl2mp\item_world.obj
         .\Release_hl2mp\keyframe.obj
         .\Release_hl2mp\lightglow.obj
         .\Release_hl2mp\lights.obj
         .\Release_hl2mp\logic_measure_movement.obj
         .\Release_hl2mp\logic_navigation.obj
         .\Release_hl2mp\logicauto.obj
         .\Release_hl2mp\logicentities.obj
         .\Release_hl2mp\logicrelay.obj
         .\Release_hl2mp\map_utils.obj
         .\Release_hl2mp\mapentities.obj
         .\Release_hl2mp\mapentities_shared.obj
         .\Release_hl2mp\maprules.obj
         .\Release_hl2mp\MaterialModifyControl.obj
         .\Release_hl2mp\memoverride.obj
         .\Release_hl2mp\message_entity.obj
         .\Release_hl2mp\modelentities.obj
         .\Release_hl2mp\ModelSoundsCache.obj
         .\Release_hl2mp\monstermaker.obj
         .\Release_hl2mp\movehelper_server.obj
         .\Release_hl2mp\movement.obj
         .\Release_hl2mp\movevars_shared.obj
         .\Release_hl2mp\mp_shareddefs.obj
         .\Release_hl2mp\multiplay_gamerules.obj
         .\Release_hl2mp\bot_main.obj
         .\Release_hl2mp\nav_area.obj
         .\Release_hl2mp\nav_colors.obj
         .\Release_hl2mp\nav_edit.obj
         .\Release_hl2mp\nav_file.obj
         .\Release_hl2mp\nav_generate.obj
         .\Release_hl2mp\nav_ladder.obj
         .\Release_hl2mp\nav_mesh.obj
         .\Release_hl2mp\nav_node.obj
         .\Release_hl2mp\ndebugoverlay.obj
         .\Release_hl2mp\networkvar.obj
         .\Release_hl2mp\npc_vehicledriver.obj
         .\Release_hl2mp\obstacle_pushaway.obj
         .\Release_hl2mp\particle_light.obj
         .\Release_hl2mp\particle_parse.obj
         .\Release_hl2mp\particle_system.obj
         .\Release_hl2mp\particlesystemquery.obj
         .\Release_hl2mp\pathcorner.obj
         .\Release_hl2mp\pathtrack.obj
         .\Release_hl2mp\phys_controller.obj
         .\Release_hl2mp\physconstraint.obj
         .\Release_hl2mp\physics.obj
         .\Release_hl2mp\physics_bone_follower.obj
         .\Release_hl2mp\physics_cannister.obj
         .\Release_hl2mp\physics_fx.obj
         .\Release_hl2mp\physics_impact_damage.obj
         .\Release_hl2mp\physics_main.obj
         .\Release_hl2mp\physics_main_shared.obj
         .\Release_hl2mp\physics_npc_solver.obj
         .\Release_hl2mp\physics_prop_ragdoll.obj
         .\Release_hl2mp\physics_saverestore.obj
         .\Release_hl2mp\physics_shared.obj
         .\Release_hl2mp\physobj.obj
         .\Release_hl2mp\player.obj
         .\Release_hl2mp\player_command.obj
         .\Release_hl2mp\player_lagcompensation.obj
         .\Release_hl2mp\player_pickup.obj
         .\Release_hl2mp\player_resource.obj
         .\Release_hl2mp\playerlocaldata.obj
         .\Release_hl2mp\plugin_check.obj
         .\Release_hl2mp\point_bonusmaps_accessor.obj
         .\Release_hl2mp\point_camera.obj
         .\Release_hl2mp\point_devshot_camera.obj
         .\Release_hl2mp\point_playermoveconstraint.obj
         .\Release_hl2mp\point_posecontroller.obj
         .\Release_hl2mp\point_spotlight.obj
         .\Release_hl2mp\point_template.obj
         .\Release_hl2mp\pointanglesensor.obj
         .\Release_hl2mp\PointAngularVelocitySensor.obj
         .\Release_hl2mp\pointhurt.obj
         .\Release_hl2mp\pointteleport.obj
         .\Release_hl2mp\precache_register.obj
         .\Release_hl2mp\predictableid.obj
         .\Release_hl2mp\predicted_viewmodel.obj
         .\Release_hl2mp\props.obj
         .\Release_hl2mp\props_shared.obj
         .\Release_hl2mp\ragdoll_manager.obj
         .\Release_hl2mp\ragdoll_shared.obj
         .\Release_hl2mp\RagdollBoogie.obj
         .\Release_hl2mp\randoverride.obj
         .\Release_hl2mp\recipientfilter.obj
         .\Release_hl2mp\registry.obj
         .\Release_hl2mp\rope.obj
         .\Release_hl2mp\rope_helpers.obj
         .\Release_hl2mp\rope_physics.obj
         .\Release_hl2mp\saverestore.obj
         .\Release_hl2mp\saverestore_gamedll.obj
         .\Release_hl2mp\SceneCache.obj
         .\Release_hl2mp\sceneentity.obj
         .\Release_hl2mp\sceneentity_shared.obj
         .\Release_hl2mp\scratchpad3d.obj
         .\Release_hl2mp\scratchpad_gamedll_helpers.obj
         .\Release_hl2mp\ScratchPadUtils.obj
         .\Release_hl2mp\scripted.obj
         .\Release_hl2mp\scriptedtarget.obj
         .\Release_hl2mp\sendproxy.obj
         .\Release_hl2mp\sequence_Transitioner.obj
         .\Release_hl2mp\server_class.obj
         .\Release_hl2mp\serverbenchmark_base.obj
         .\Release_hl2mp\ServerNetworkProperty.obj
         .\Release_hl2mp\shadowcontrol.obj
         .\Release_hl2mp\sheetsimulator.obj
         .\Release_hl2mp\simple_physics.obj
         .\Release_hl2mp\simtimer.obj
         .\Release_hl2mp\singleplay_gamerules.obj
         .\Release_hl2mp\SkyCamera.obj
         .\Release_hl2mp\slideshow_display.obj
         .\Release_hl2mp\sound.obj
         .\Release_hl2mp\SoundEmitterSystem.obj
         .\Release_hl2mp\soundent.obj
         .\Release_hl2mp\soundenvelope.obj
         .\Release_hl2mp\SoundParametersInternal.obj
         .\Release_hl2mp\soundscape.obj
         .\Release_hl2mp\soundscape_system.obj
         .\Release_hl2mp\spotlightend.obj
         .\Release_hl2mp\Sprite.obj
         .\Release_hl2mp\sprite_perfmonitor.obj
         .\Release_hl2mp\stringregistry.obj
         .\Release_hl2mp\studio.obj
         .\Release_hl2mp\studio_shared.obj
         .\Release_hl2mp\subs.obj
         .\Release_hl2mp\sun.obj
         .\Release_hl2mp\survival_gamerules.obj
         .\Release_hl2mp\takedamageinfo.obj
         .\Release_hl2mp\tanktrain.obj
         .\Release_hl2mp\team.obj
         .\Release_hl2mp\team_spawnpoint.obj
         .\Release_hl2mp\teamplay_gamerules.obj
         .\Release_hl2mp\TemplateEntities.obj
         .\Release_hl2mp\tempmonster.obj
         .\Release_hl2mp\tesla.obj
         .\Release_hl2mp\test_ehandle.obj
         .\Release_hl2mp\test_proxytoggle.obj
         .\Release_hl2mp\test_stressentities.obj
         .\Release_hl2mp\testfunctions.obj
         .\Release_hl2mp\testtraceline.obj
         .\Release_hl2mp\textstatsmgr.obj
         .\Release_hl2mp\timedeventmgr.obj
         .\Release_hl2mp\trains.obj
         .\Release_hl2mp\triggers.obj
         .\Release_hl2mp\usercmd.obj
         .\Release_hl2mp\util.obj
         .\Release_hl2mp\util_shared.obj
         .\Release_hl2mp\variant_t.obj
         .\Release_hl2mp\vehicle_base.obj
         .\Release_hl2mp\vehicle_baseserver.obj
         .\Release_hl2mp\vehicle_viewblend_shared.obj
         .\Release_hl2mp\vguiscreen.obj
         .\Release_hl2mp\voice_gamemgr.obj
         .\Release_hl2mp\waterbullet.obj
         .\Release_hl2mp\WaterLODControl.obj
         .\Release_hl2mp\wcedit.obj
         .\Release_hl2mp\weapon_parse.obj
         .\Release_hl2mp\weapon_proficiency.obj
         .\Release_hl2mp\weight_button.obj
         .\Release_hl2mp\world.obj
         .\Release_hl2mp\stdafx.obj
         .\Release_hl2mp\basetempentity.obj
         .\Release_hl2mp\event_tempentity_tester.obj
         .\Release_hl2mp\movie_explosion.obj
         .\Release_hl2mp\particle_fire.obj
         .\Release_hl2mp\particle_smokegrenade.obj
         .\Release_hl2mp\plasma.obj
         .\Release_hl2mp\smoke_trail.obj
         .\Release_hl2mp\smokestack.obj
         .\Release_hl2mp\SpriteTrail.obj
         .\Release_hl2mp\steamjet.obj
         .\Release_hl2mp\te.obj
         .\Release_hl2mp\te_armorricochet.obj
         .\Release_hl2mp\te_basebeam.obj
         .\Release_hl2mp\te_beamentpoint.obj
         .\Release_hl2mp\te_beaments.obj
         .\Release_hl2mp\te_beamfollow.obj
         .\Release_hl2mp\te_beamlaser.obj
         .\Release_hl2mp\te_beampoints.obj
         .\Release_hl2mp\te_beamring.obj
         .\Release_hl2mp\te_beamringpoint.obj
         .\Release_hl2mp\te_beamspline.obj
         .\Release_hl2mp\te_bloodsprite.obj
         .\Release_hl2mp\te_bloodstream.obj
         .\Release_hl2mp\te_breakmodel.obj
         .\Release_hl2mp\te_bspdecal.obj
         .\Release_hl2mp\te_bubbles.obj
         .\Release_hl2mp\te_bubbletrail.obj
         .\Release_hl2mp\te_clientprojectile.obj
         .\Release_hl2mp\te_decal.obj
         .\Release_hl2mp\te_dynamiclight.obj
         .\Release_hl2mp\te_effect_dispatch.obj
         .\Release_hl2mp\te_energysplash.obj
         .\Release_hl2mp\te_explosion.obj
         .\Release_hl2mp\te_fizz.obj
         .\Release_hl2mp\te_footprintdecal.obj
         .\Release_hl2mp\te_gaussexplosion.obj
         .\Release_hl2mp\te_glassshatter.obj
         .\Release_hl2mp\te_glowsprite.obj
         .\Release_hl2mp\te_impact.obj
         .\Release_hl2mp\te_killplayerattachments.obj
         .\Release_hl2mp\te_largefunnel.obj
         .\Release_hl2mp\te_muzzleflash.obj
         .\Release_hl2mp\te_particlesystem.obj
         .\Release_hl2mp\te_physicsprop.obj
         .\Release_hl2mp\te_playerdecal.obj
         .\Release_hl2mp\te_projecteddecal.obj
         .\Release_hl2mp\te_showline.obj
         .\Release_hl2mp\te_smoke.obj
         .\Release_hl2mp\te_sparks.obj
         .\Release_hl2mp\te_sprite.obj
         .\Release_hl2mp\te_spritespray.obj
         .\Release_hl2mp\te_worlddecal.obj
         .\Release_hl2mp\usermessages.obj
         .\Release_hl2mp\ai_allymanager.obj
         .\Release_hl2mp\ai_behavior_actbusy.obj
         .\Release_hl2mp\ai_behavior_functank.obj
         .\Release_hl2mp\ai_behavior_holster.obj
         .\Release_hl2mp\ai_behavior_police.obj
         .\Release_hl2mp\ai_goal_police.obj
         .\Release_hl2mp\ai_spotlight.obj
         .\Release_hl2mp\antlion_dust.obj
         .\Release_hl2mp\antlion_maker.obj
         .\Release_hl2mp\ar2_explosion.obj
         .\Release_hl2mp\basebludgeonweapon.obj
         .\Release_hl2mp\basehlcombatweapon.obj
         .\Release_hl2mp\basehlcombatweapon_shared.obj
         .\Release_hl2mp\cbasehelicopter.obj
         .\Release_hl2mp\cbasespriteprojectile.obj
         .\Release_hl2mp\citadel_effects.obj
         .\Release_hl2mp\combine_mine.obj
         .\Release_hl2mp\env_alyxemp.obj
         .\Release_hl2mp\env_headcrabcanister.obj
         .\Release_hl2mp\env_headcrabcanister_shared.obj
         .\Release_hl2mp\env_speaker.obj
         .\Release_hl2mp\env_starfield.obj
         .\Release_hl2mp\func_recharge.obj
         .\Release_hl2mp\func_tank.obj
         .\Release_hl2mp\grenade_ar2.obj
         .\Release_hl2mp\grenade_bugbait.obj
         .\Release_hl2mp\grenade_frag.obj
         .\Release_hl2mp\hl2_ai_network.obj
         .\Release_hl2mp\hl2_eventlog.obj
         .\Release_hl2mp\hl2_gamerules.obj
         .\Release_hl2mp\hl2_player.obj
         .\Release_hl2mp\hl2_playerlocaldata.obj
         .\Release_hl2mp\hl2_triggers.obj
         .\Release_hl2mp\hl2_usermessages.obj
         .\Release_hl2mp\hl_gamemovement.obj
         .\Release_hl2mp\hl_playermove.obj
         .\Release_hl2mp\info_teleporter_countdown.obj
         .\Release_hl2mp\item_ammo.obj
         .\Release_hl2mp\item_battery.obj
         .\Release_hl2mp\item_dynamic_resupply.obj
         .\Release_hl2mp\item_healthkit.obj
         .\Release_hl2mp\item_itemcrate.obj
         .\Release_hl2mp\item_suit.obj
         .\Release_hl2mp\look_door.obj
         .\Release_hl2mp\monster_dummy.obj
         .\Release_hl2mp\npc_alyx.obj
         .\Release_hl2mp\npc_antlion.obj
         .\Release_hl2mp\npc_antlionguard.obj
         .\Release_hl2mp\npc_apcdriver.obj
         .\Release_hl2mp\npc_attackchopper.obj
         .\Release_hl2mp\npc_barnacle.obj
         .\Release_hl2mp\npc_barney.obj
         .\Release_hl2mp\npc_basescanner.obj
         .\Release_hl2mp\npc_BaseZombie.obj
         .\Release_hl2mp\npc_breen.obj
         .\Release_hl2mp\npc_bullseye.obj
         .\Release_hl2mp\npc_citizen17.obj
         .\Release_hl2mp\npc_combine.obj
         .\Release_hl2mp\npc_combinecamera.obj
         .\Release_hl2mp\npc_combinedropship.obj
         .\Release_hl2mp\npc_combinegunship.obj
         .\Release_hl2mp\npc_combines.obj
         .\Release_hl2mp\npc_cranedriver.obj
         .\Release_hl2mp\npc_crow.obj
         .\Release_hl2mp\npc_dog.obj
         .\Release_hl2mp\npc_eli.obj
         .\Release_hl2mp\npc_enemyfinder.obj
         .\Release_hl2mp\npc_fisherman.obj
         .\Release_hl2mp\npc_gman.obj
         .\Release_hl2mp\npc_headcrab.obj
         .\Release_hl2mp\npc_ichthyosaur.obj
         .\Release_hl2mp\npc_kleiner.obj
         .\Release_hl2mp\npc_launcher.obj
         .\Release_hl2mp\npc_manhack.obj
         .\Release_hl2mp\npc_metropolice.obj
         .\Release_hl2mp\npc_monk.obj
         .\Release_hl2mp\npc_mossman.obj
         .\Release_hl2mp\npc_playercompanion.obj
         .\Release_hl2mp\npc_PoisonZombie.obj
         .\Release_hl2mp\npc_rollermine.obj
         .\Release_hl2mp\npc_scanner.obj
         .\Release_hl2mp\npc_stalker.obj
         .\Release_hl2mp\npc_strider.obj
         .\Release_hl2mp\npc_talker.obj
         .\Release_hl2mp\npc_turret_ceiling.obj
         .\Release_hl2mp\npc_turret_floor.obj
         .\Release_hl2mp\npc_turret_ground.obj
         .\Release_hl2mp\npc_vortigaunt_episodic.obj
         .\Release_hl2mp\npc_zombie.obj
         .\Release_hl2mp\point_apc_controller.obj
         .\Release_hl2mp\prop_combine_ball.obj
         .\Release_hl2mp\prop_thumper.obj
         .\Release_hl2mp\proto_sniper.obj
         .\Release_hl2mp\rotorwash.obj
         .\Release_hl2mp\script_intro.obj
         .\Release_hl2mp\script_intro_shared.obj
         .\Release_hl2mp\vehicle_airboat.obj
         .\Release_hl2mp\vehicle_crane.obj
         .\Release_hl2mp\vehicle_prisoner_pod.obj
         .\Release_hl2mp\vehicle_viewcontroller.obj
         .\Release_hl2mp\weapon_annabelle.obj
         .\Release_hl2mp\weapon_bugbait.obj
         .\Release_hl2mp\weapon_cubemap.obj
         .\Release_hl2mp\grenade_beam.obj
         .\Release_hl2mp\grenade_homer.obj
         .\Release_hl2mp\grenade_pathfollower.obj
         .\Release_hl2mp\vehicle_apc.obj
         .\Release_hl2mp\weapon_cguard.obj
         .\Release_hl2mp\hl2mp_bot_temp.obj
         .\Release_hl2mp\hl2mp_client.obj
         .\Release_hl2mp\hl2mp_cvars.obj
         .\Release_hl2mp\hl2mp_gameinterface.obj
         .\Release_hl2mp\hl2mp_gamerules.obj
         .\Release_hl2mp\hl2mp_player.obj
         .\Release_hl2mp\hl2mp_player_shared.obj
         .\Release_hl2mp\hl2mp_playeranimstate.obj
         .\Release_hl2mp\hl2mp_weapon_parse.obj
         .\Release_hl2mp\grenade_satchel.obj
         .\Release_hl2mp\grenade_tripmine.obj
         .\Release_hl2mp\te_hl2mp_shotgun_shot.obj
         .\Release_hl2mp\weapon_357.obj
         .\Release_hl2mp\weapon_ar2.obj
         .\Release_hl2mp\weapon_crossbow.obj
         .\Release_hl2mp\weapon_crowbar.obj
         .\Release_hl2mp\weapon_frag.obj
         .\Release_hl2mp\weapon_hl2mpbase.obj
         .\Release_hl2mp\weapon_hl2mpbase_machinegun.obj
         .\Release_hl2mp\weapon_hl2mpbasebasebludgeon.obj
         .\Release_hl2mp\weapon_hl2mpbasehlmpcombatweapon.obj
         .\Release_hl2mp\weapon_physcannon.obj
         .\Release_hl2mp\weapon_pistol.obj
         .\Release_hl2mp\weapon_rpg.obj
         .\Release_hl2mp\weapon_shotgun.obj
         .\Release_hl2mp\weapon_slam.obj
         .\Release_hl2mp\weapon_smg1.obj
         .\Release_hl2mp\weapon_stunstick.obj
         .\Release_hl2mp\playerinfomanager.obj
         .\Release_hl2mp\multiplayer_animstate.obj
         .\Release_hl2mp\entity_tools_server.obj
         .\Release_hl2mp\toolframework_server.obj
         ..\..\lib\public\choreoobjects.lib
         ..\..\lib\public\dmxloader.lib
         ..\..\lib\public\mathlib.lib
         ..\..\lib\public\particles.lib
         ..\..\lib\public\steam_api.lib
         ..\..\lib\public\tier0.lib
         ..\..\lib\public\tier1.lib
         ..\..\lib\public\tier2.lib
         ..\..\lib\public\tier3.lib
         ..\..\lib\public\vstdlib.lib
            Creating library .\Release_hl2mp\Server HL2MP.lib and object .\Release_hl2mp\Server HL2MP.exp
     1>stdafx.obj : warning LNK4204: 'C:\Documents and Settings\Michael\My Documents\hl2bdm\src\game\server\Release_hl2mp\vc100.pdb' is missing debugging information for referencing module; linking object as if no debug info
     1>studio.obj : warning LNK4204: 'C:\Documents and Settings\Michael\My Documents\hl2bdm\src\game\server\Release_hl2mp\vc100.pdb' is missing debugging information for referencing module; linking object as if no debug info
     1>stringregistry.obj : warning LNK4204: 'C:\Documents and Settings\Michael\My Documents\hl2bdm\src\game\server\Release_hl2mp\vc100.pdb' is missing debugging information for referencing module; linking object as if no debug info
     1>simple_physics.obj : warning LNK4204: 'C:\Documents and Settings\Michael\My Documents\hl2bdm\src\game\server\Release_hl2mp\vc100.pdb' is missing debugging information for referencing module; linking object as if no debug info
     1>sheetsimulator.obj : warning LNK4204: 'C:\Documents and Settings\Michael\My Documents\hl2bdm\src\game\server\Release_hl2mp\vc100.pdb' is missing debugging information for referencing module; linking object as if no debug info
     1>server_class.obj : warning LNK4204: 'C:\Documents and Settings\Michael\My Documents\hl2bdm\src\game\server\Release_hl2mp\vc100.pdb' is missing debugging information for referencing module; linking object as if no debug info
     1>ScratchPadUtils.obj : warning LNK4204: 'C:\Documents and Settings\Michael\My Documents\hl2bdm\src\game\server\Release_hl2mp\vc100.pdb' is missing debugging information for referencing module; linking object as if no debug info
     1>scratchpad3d.obj : warning LNK4204: 'C:\Documents and Settings\Michael\My Documents\hl2bdm\src\game\server\Release_hl2mp\vc100.pdb' is missing debugging information for referencing module; linking object as if no debug info
     1>rope_physics.obj : warning LNK4204: 'C:\Documents and Settings\Michael\My Documents\hl2bdm\src\game\server\Release_hl2mp\vc100.pdb' is missing debugging information for referencing module; linking object as if no debug info
     1>registry.obj : warning LNK4204: 'C:\Documents and Settings\Michael\My Documents\hl2bdm\src\game\server\Release_hl2mp\vc100.pdb' is missing debugging information for referencing module; linking object as if no debug info
     1>randoverride.obj : warning LNK4204: 'C:\Documents and Settings\Michael\My Documents\hl2bdm\src\game\server\Release_hl2mp\vc100.pdb' is missing debugging information for referencing module; linking object as if no debug info
     1>networkvar.obj : warning LNK4204: 'C:\Documents and Settings\Michael\My Documents\hl2bdm\src\game\server\Release_hl2mp\vc100.pdb' is missing debugging information for referencing module; linking object as if no debug info
     1>memoverride.obj : warning LNK4204: 'C:\Documents and Settings\Michael\My Documents\hl2bdm\src\game\server\Release_hl2mp\vc100.pdb' is missing debugging information for referencing module; linking object as if no debug info
     1>map_utils.obj : warning LNK4204: 'C:\Documents and Settings\Michael\My Documents\hl2bdm\src\game\server\Release_hl2mp\vc100.pdb' is missing debugging information for referencing module; linking object as if no debug info
     1>keyframe.obj : warning LNK4204: 'C:\Documents and Settings\Michael\My Documents\hl2bdm\src\game\server\Release_hl2mp\vc100.pdb' is missing debugging information for referencing module; linking object as if no debug info
     1>interval.obj : warning LNK4204: 'C:\Documents and Settings\Michael\My Documents\hl2bdm\src\game\server\Release_hl2mp\vc100.pdb' is missing debugging information for referencing module; linking object as if no debug info
     1>interpolatortypes.obj : warning LNK4204: 'C:\Documents and Settings\Michael\My Documents\hl2bdm\src\game\server\Release_hl2mp\vc100.pdb' is missing debugging information for referencing module; linking object as if no debug info
     1>init_factory.obj : warning LNK4204: 'C:\Documents and Settings\Michael\My Documents\hl2bdm\src\game\server\Release_hl2mp\vc100.pdb' is missing debugging information for referencing module; linking object as if no debug info
     1>h_export.obj : warning LNK4204: 'C:\Documents and Settings\Michael\My Documents\hl2bdm\src\game\server\Release_hl2mp\vc100.pdb' is missing debugging information for referencing module; linking object as if no debug info
     1>GameStats_BasicStatsFunctions.obj : warning LNK4204: 'C:\Documents and Settings\Michael\My Documents\hl2bdm\src\game\server\Release_hl2mp\vc100.pdb' is missing debugging information for referencing module; linking object as if no debug info
     1>gamehandle.obj : warning LNK4204: 'C:\Documents and Settings\Michael\My Documents\hl2bdm\src\game\server\Release_hl2mp\vc100.pdb' is missing debugging information for referencing module; linking object as if no debug info
     1>filesystem_helpers.obj : warning LNK4204: 'C:\Documents and Settings\Michael\My Documents\hl2bdm\src\game\server\Release_hl2mp\vc100.pdb' is missing debugging information for referencing module; linking object as if no debug info
     1>editor_sendcommand.obj : warning LNK4204: 'C:\Documents and Settings\Michael\My Documents\hl2bdm\src\game\server\Release_hl2mp\vc100.pdb' is missing debugging information for referencing module; linking object as if no debug info
     1>dt_utlvector_send.obj : warning LNK4204: 'C:\Documents and Settings\Michael\My Documents\hl2bdm\src\game\server\Release_hl2mp\vc100.pdb' is missing debugging information for referencing module; linking object as if no debug info
     1>dt_utlvector_common.obj : warning LNK4204: 'C:\Documents and Settings\Michael\My Documents\hl2bdm\src\game\server\Release_hl2mp\vc100.pdb' is missing debugging information for referencing module; linking object as if no debug info
     1>dt_send.obj : warning LNK4204: 'C:\Documents and Settings\Michael\My Documents\hl2bdm\src\game\server\Release_hl2mp\vc100.pdb' is missing debugging information for referencing module; linking object as if no debug info
     1>collisionutils.obj : warning LNK4204: 'C:\Documents and Settings\Michael\My Documents\hl2bdm\src\game\server\Release_hl2mp\vc100.pdb' is missing debugging information for referencing module; linking object as if no debug info
     1>bone_setup.obj : warning LNK4204: 'C:\Documents and Settings\Michael\My Documents\hl2bdm\src\game\server\Release_hl2mp\vc100.pdb' is missing debugging information for referencing module; linking object as if no debug info
         server_hl2mp-2005.vcxproj -> C:\Documents and Settings\Michael\My Documents\hl2bdm\src\game\server\.\Release_hl2mp\Server HL2MP.dll
       CustomBuildStep:
         Description: Copying to c:\program files\steam\steamapps\SourceMods\hl2bdm\bin\
         if exist "c:\program files\steam\steamapps\SourceMods\hl2bdm\bin\server.dll" attrib -r "c:\program files\steam\steamapps\SourceMods\hl2bdm\bin\server.dll"
         if exist "C:\Documents and Settings\Michael\My Documents\hl2bdm\src\game\server\Release_hl2mp\"server.dll copy "C:\Documents and Settings\Michael\My Documents\hl2bdm\src\game\server\Release_hl2mp\"server.dll "c:\program files\steam\steamapps\SourceMods\hl2bdm\bin\server.dll"
         if exist "c:\program files\steam\steamapps\SourceMods\hl2bdm\bin\server.pdb" attrib -r "c:\program files\steam\steamapps\SourceMods\hl2bdm\bin\server.pdb"
         if exist "C:\Documents and Settings\Michael\My Documents\hl2bdm\src\game\server\Release_hl2mp\"server.pdb copy "C:\Documents and Settings\Michael\My Documents\hl2bdm\src\game\server\Release_hl2mp\"server.pdb "c:\program files\steam\steamapps\SourceMods\hl2bdm\bin"
         
         :VCEnd
                 1 file(s) copied.
       FinalizeBuildStatus:
         Deleting file ".\Release_hl2mp\Server HL2MP.unsuccessfulbuild".
         Touching ".\Release_hl2mp\Server HL2MP.lastbuildstate".
     1>Done Building Project "C:\Documents and Settings\Michael\My Documents\hl2bdm\src\game\server\server_hl2mp-2005.vcxproj" (build target(s)).

Build succeeded.

Time Elapsed 00:48:55.14
