Build started 12/21/2012 9:57:42 PM.
     1>Project "C:\Documents and Settings\Michael\My Documents\hl2bdm\src\game\client\client_hl2mp-2005.vcxproj" on node 3 (build target(s)).
     1>InitializeBuildStatus:
         Creating ".\Release_hl2mp\Client HL2MP.unsuccessfulbuild" because "AlwaysCreate" was specified.
       ClCompile:
         All outputs are up-to-date.
         c:\Program Files\Microsoft Visual Studio 10.0\VC\bin\CL.exe /c /I.\ /I..\..\common /I..\..\public /I..\..\public\tier0 /I..\..\public\tier1 /I..\..\vgui2\include /I..\..\vgui2\controls /I..\..\game\shared /I.\game_controls /Ihl2mp\UI /I.\hl2mp /I..\..\game\shared\hl2mp /I.\hl2 /I.\hl2\elements /I..\..\game\shared\hl2 /I..\..\game\shared\Multiplayer /Zi /nologo /W4 /WX- /O2 /Ob2 /Oi /Ot /Oy- /D WIN32 /D _WIN32 /D NDEBUG /D _WINDOWS /D _USRDLL /D _CRT_SECURE_NO_DEPRECATE /D _CRT_NONSTDC_NO_DEPRECATE /D NO_STRING_T /D CLIENT_DLL /D VECTOR /D PROTECTED_THINGS_ENABLE /D fopen=dont_use_fopen /D strncpy=use_Q_strncpy_instead /D _snprintf=use_Q_snprintf_instead /D ENABLE_HTMLWINDOW /D HL2MP /D HL2_CLIENT_DLL /D VERSION_SAFE_STEAM_API_INTERFACES /D MP_SDK /D _WINDLL /D _MBCS /GF /Gm- /MT /GS- /Gy /fp:fast /Zc:wchar_t /Zc:forScope /GR /Yc"cbase.h" /Fp".\Release_hl2mp\client.pch" /Fo".\Release_hl2mp\\" /Fd".\Release_hl2mp\vc100.pdb" /Gd /TP /analyze- /errorReport:prompt ..\server\hl2mp\betaguns\weapon_alyx_gun.cpp ..\server\hl2mp\betaguns\weapon_flaregun.cpp ..\server\hl2mp\betaguns\weapon_hmg1.cpp ..\server\hl2mp\betaguns\weapon_ociw.cpp ..\server\hl2mp\betaguns\weapon_sniper.cpp ..\server\hl2mp\hl2bdm\hl2bdm_commands.cpp ..\shared\hl2mp\weapon_hl2mpbase_selectfiremachinegun.cpp ..\shared\hl2mp\weapon_iceaxe.cpp achievement_notification_panel.cpp ..\shared\achievement_saverestore.cpp ..\shared\achievementmgr.cpp ..\shared\achievements_hlx.cpp ..\shared\activitylist.cpp alphamaterialproxy.cpp ..\shared\ammodef.cpp animatedentitytextureproxy.cpp animatedoffsettextureproxy.cpp animatedtextureproxy.cpp AnimateSpecificTextureProxy.cpp ..\shared\animation.cpp ..\shared\base_playeranimstate.cpp ..\shared\baseachievement.cpp baseanimatedtextureproxy.cpp baseclientrendertargets.cpp ..\shared\basecombatcharacter_shared.cpp ..\shared\basecombatweapon_shared.cpp ..\shared\baseentity_shared.cpp ..\shared\basegrenade_shared.cpp ..\shared\baseparticleentity.cpp ..\shared\baseplayer_shared.cpp basepresence.cpp ..\shared\baseviewmodel_shared.cpp ..\shared\beam_shared.cpp beamdraw.cpp ..\..\public\bone_accessor.cpp bone_merge_cache.cpp c_ai_basehumanoid.cpp c_ai_basenpc.cpp c_baseanimating.cpp c_baseanimatingoverlay.cpp c_basecombatcharacter.cpp c_basecombatweapon.cpp c_basedoor.cpp c_baseentity.cpp c_baseflex.cpp c_baseplayer.cpp c_baseviewmodel.cpp c_breakableprop.cpp c_colorcorrection.cpp c_colorcorrectionvolume.cpp c_dynamiclight.cpp c_entitydissolve.cpp c_entityparticletrail.cpp c_env_fog_controller.cpp c_env_particlescript.cpp c_env_projectedtexture.cpp c_env_screenoverlay.cpp c_env_tonemap_controller.cpp c_fire_smoke.cpp c_fish.cpp c_func_areaportalwindow.cpp c_func_breakablesurf.cpp c_func_conveyor.cpp c_func_dust.cpp c_func_lod.cpp hl2\C_Func_Monitor.cpp c_func_occluder.cpp c_func_reflective_glass.cpp c_func_rotating.cpp c_func_smokevolume.cpp c_func_tracktrain.cpp c_gib.cpp c_hairball.cpp c_info_overlay_accessor.cpp c_lightglow.cpp C_MaterialModifyControl.cpp c_particle_system.cpp c_physbox.cpp c_physicsprop.cpp c_physmagnet.cpp c_pixel_visibility.cpp c_plasma.cpp c_playerresource.cpp c_point_camera.cpp c_point_commentary_node.cpp c_props.cpp c_ragdoll_manager.cpp c_rope.cpp c_rumble.cpp c_sceneentity.cpp c_shadowcontrol.cpp c_slideshow_display.cpp c_soundscape.cpp c_spotlight_end.cpp c_sprite.cpp c_sprite_perfmonitor.cpp c_sun.cpp c_team.cpp c_tesla.cpp c_test_proxytoggle.cpp c_user_message_register.cpp c_vehicle_choreo_generic.cpp c_vehicle_jeep.cpp c_vguiscreen.cpp hl2\c_waterbullet.cpp C_WaterLODControl.cpp c_world.cpp camomaterialproxy.cpp cdll_bounded_cvars.cpp cdll_client_int.cpp cdll_util.cpp cl_mat_stub.cpp classmap.cpp client_factorylist.cpp client_thinklist.cpp clienteffectprecachesystem.cpp cliententitylist.cpp clientleafsystem.cpp clientmode_shared.cpp clientshadowmgr.cpp clientsideeffects.cpp clientsideeffects_test.cpp ..\shared\collisionproperty.cpp colorcorrectionmgr.cpp commentary_modelviewer.cpp ..\shared\death_pose.cpp ..\shared\debugoverlay_shared.cpp ..\shared\decals.cpp detailobjectsystem.cpp dummyproxy.cpp ..\shared\effect_dispatch_data.cpp EffectsClient.cpp ..\shared\ehandle.cpp ..\shared\entitylist_base.cpp entityoriginmaterialproxy.cpp ..\shared\EntityParticleTrail_Shared.cpp ..\shared\env_detail_controller.cpp ..\shared\env_wind_shared.cpp ..\shared\eventlist.cpp flashlighteffect.cpp ..\shared\func_ladder.cpp functionproxy.cpp fx_blood.cpp fx_cube.cpp fx_explosion.cpp fx_fleck.cpp fx_impact.cpp fx_interpvalue.cpp fx_quad.cpp fx_shelleject.cpp fx_staticline.cpp fx_tracer.cpp fx_trail.cpp fx_water.cpp ..\shared\gamemovement.cpp ..\shared\gamerules.cpp ..\shared\gamerules_register.cpp ..\shared\GameStats.cpp ..\shared\gamestringpool.cpp gametrace_client.cpp ..\shared\gamevars_shared.cpp geiger.cpp glow_overlay.cpp ..\shared\hintmessage.cpp ..\shared\hintsystem.cpp history_resource.cpp hltvcamera.cpp hud.cpp hud_animationinfo.cpp hl2\hud_autoaim.cpp hud_basechat.cpp hud_basetimer.cpp hud_bitmapnumericdisplay.cpp hud_closecaption.cpp hud_crosshair.cpp hud_element_helper.cpp hl2\hud_filmdemo.cpp hl2\hud_hdrdemo.cpp hud_hintdisplay.cpp hud_msg.cpp hud_numericdisplay.cpp hud_pdump.cpp hud_redraw.cpp hud_vehicle.cpp hud_voicestatus.cpp hud_weapon.cpp ..\shared\igamesystem.cpp in_camera.cpp in_joystick.cpp in_main.cpp initializer.cpp interpolatedvar.cpp IsNPCProxy.cpp lampbeamproxy.cpp lamphaloproxy.cpp ..\shared\mapentities_shared.cpp mathproxy.cpp matrixproxy.cpp menu.cpp message.cpp movehelper_client.cpp ..\shared\movevars_shared.cpp ..\shared\mp_shareddefs.cpp ..\shared\multiplay_gamerules.cpp ..\shared\obstacle_pushaway.cpp panelmetaclassmgr.cpp particle_collision.cpp particle_litsmokeemitter.cpp ..\shared\particle_parse.cpp ..\shared\particle_property.cpp particle_proxies.cpp particle_simple3d.cpp particlemgr.cpp particles_attractor.cpp particles_ez.cpp particles_localspace.cpp particles_new.cpp particles_simple.cpp ..\shared\particlesystemquery.cpp perfvisualbenchmark.cpp physics.cpp physics_main_client.cpp ..\shared\physics_main_shared.cpp ..\shared\physics_saverestore.cpp ..\shared\physics_shared.cpp physpropclientside.cpp playerandobjectenumerator.cpp ..\shared\point_bonusmaps_accessor.cpp ..\shared\point_posecontroller.cpp ..\shared\precache_register.cpp ..\shared\predictableid.cpp ..\shared\predicted_viewmodel.cpp prediction.cpp ..\shared\predictioncopy.cpp ..\shared\props_shared.cpp proxyentity.cpp ProxyHealth.cpp proxyplayer.cpp proxypupil.cpp ragdoll.cpp ..\shared\ragdoll_shared.cpp recvproxy.cpp ..\shared\rope_helpers.cpp ..\shared\saverestore.cpp ..\shared\sceneentity_shared.cpp ScreenSpaceEffects.cpp ..\shared\sequence_Transitioner.cpp ShaderEditor\SEdit_ModelRender.cpp ShaderEditor\ShaderEditorSystem.cpp simple_keys.cpp ..\shared\simtimer.cpp ..\shared\singleplay_gamerules.cpp ..\shared\SoundEmitterSystem.cpp ..\shared\soundenvelope.cpp ..\..\public\SoundParametersInternal.cpp splinepatch.cpp ..\shared\Sprite.cpp spritemodel.cpp ..\shared\SpriteTrail.cpp ..\shared\studio_shared.cpp ..\shared\takedamageinfo.cpp ..\shared\teamplay_gamerules.cpp ..\shared\test_ehandle.cpp text_message.cpp texturescrollmaterialproxy.cpp timematerialproxy.cpp toggletextureproxy.cpp train.cpp ..\shared\usercmd.cpp ..\shared\usermessages.cpp ..\shared\util_shared.cpp ..\shared\vehicle_viewblend_shared.cpp vgui_avatarimage.cpp vgui_basepanel.cpp vgui_bitmapbutton.cpp vgui_bitmapimage.cpp vgui_bitmappanel.cpp vgui_centerstringpanel.cpp vgui_consolepanel.cpp vgui_debugoverlaypanel.cpp vgui_fpspanel.cpp vgui_game_viewport.cpp vgui_grid.cpp vgui_int.cpp vgui_loadingdiscpanel.cpp vgui_messagechars.cpp vgui_netgraphpanel.cpp vgui_slideshow_display_screen.cpp view.cpp view_beams.cpp view_effects.cpp view_scene.cpp viewangleanim.cpp ViewConeImage.cpp viewdebug.cpp viewpostprocess.cpp viewrender.cpp ..\shared\voice_banmgr.cpp ..\shared\voice_status.cpp warp_overlay.cpp WaterLODMaterialProxy.cpp ..\shared\weapon_parse.cpp weapon_selection.cpp weapons_resource.cpp WorldDimsProxy.cpp c_basetempentity.cpp c_effects.cpp c_impact_effects.cpp c_movie_explosion.cpp c_particle_fire.cpp c_particle_smokegrenade.cpp c_prop_vehicle.cpp c_recipientfilter.cpp c_smoke_trail.cpp c_smokestack.cpp c_steamjet.cpp c_stickybolt.cpp c_te.cpp c_te_armorricochet.cpp c_te_basebeam.cpp c_te_beamentpoint.cpp c_te_beaments.cpp c_te_beamfollow.cpp c_te_beamlaser.cpp c_te_beampoints.cpp c_te_beamring.cpp c_te_beamringpoint.cpp c_te_beamspline.cpp c_te_bloodsprite.cpp c_te_bloodstream.cpp c_te_breakmodel.cpp c_te_bspdecal.cpp c_te_bubbles.cpp c_te_bubbletrail.cpp c_te_clientprojectile.cpp c_te_decal.cpp c_te_dynamiclight.cpp c_te_effect_dispatch.cpp c_te_energysplash.cpp c_te_explosion.cpp c_te_fizz.cpp c_te_footprint.cpp c_te_glassshatter.cpp c_te_glowsprite.cpp c_te_impact.cpp c_te_killplayerattachments.cpp c_te_largefunnel.cpp c_te_legacytempents.cpp c_te_muzzleflash.cpp c_te_particlesystem.cpp c_te_physicsprop.cpp c_te_playerdecal.cpp c_te_projecteddecal.cpp c_te_showline.cpp c_te_smoke.cpp c_te_sparks.cpp c_te_sprite.cpp c_te_spritespray.cpp c_te_worlddecal.cpp c_testtraceline.cpp c_tracer.cpp fx.cpp fx_discreetline.cpp fx_envelope.cpp fx_line.cpp fx_sparks.cpp particlesphererenderer.cpp smoke_fog_overlay.cpp game_controls\basemodel_panel.cpp game_controls\basemodelpanel.cpp game_controls\baseviewport.cpp game_controls\classmenu.cpp game_controls\ClientScoreBoardDialog.cpp game_controls\commandmenu.cpp game_controls\IconPanel.cpp game_controls\intromenu.cpp game_controls\MapOverview.cpp game_controls\NavProgress.cpp game_controls\SpectatorGUI.cpp game_controls\teammenu.cpp game_controls\vguitextwindow.cpp ..\shared\hl2\basehlcombatweapon_shared.cpp hl2\c_antlion_dust.cpp hl2\c_ar2_explosion.cpp hl2\c_barnacle.cpp hl2\c_barney.cpp hl2\c_basehelicopter.cpp hl2\c_basehlcombatweapon.cpp hl2\c_basehlplayer.cpp hl2\c_citadel_effects.cpp hl2\c_corpse.cpp hl2\c_env_alyxtemp.cpp hl2\c_env_headcrabcanister.cpp hl2\c_env_starfield.cpp hl2\c_func_tankmortar.cpp hl2\c_hl2_playerlocaldata.cpp hl2\c_info_teleporter_countdown.cpp hl2\c_npc_antlionguard.cpp hl2\c_npc_combinegunship.cpp hl2\c_npc_manhack.cpp hl2\c_npc_rollermine.cpp hl2\c_plasma_beam_node.cpp hl2\c_prop_combine_ball.cpp hl2\c_rotorwash.cpp hl2\c_script_intro.cpp hl2\c_strider.cpp hl2\c_te_concussiveexplosion.cpp hl2\c_te_flare.cpp hl2\c_thumper_dust.cpp hl2\c_vehicle_airboat.cpp hl2\c_vehicle_cannon.cpp hl2\c_vehicle_crane.cpp hl2\c_vehicle_prisoner_pod.cpp episodic\c_vort_charge_token.cpp hl2\c_weapon__stubs_hl2.cpp hl2\c_weapon_crossbow.cpp ..\shared\hl2\env_headcrabcanister_shared.cpp hl2\fx_antlion.cpp hl2\fx_bugbait.cpp hl2\fx_hl2_impacts.cpp hl2\fx_hl2_tracers.cpp hl2\hl2_clientmode.cpp ..\shared\hl2\hl2_gamerules.cpp ..\shared\hl2\hl2_usermessages.cpp ..\shared\hl2\hl_gamemovement.cpp hl2\hl_in_main.cpp hl2\hl_prediction.cpp hl2\hud_ammo.cpp hl2\hud_battery.cpp hl2\hud_blood.cpp hl2\hud_credits.cpp hl2\hud_damageindicator.cpp hl2\hud_flashlight.cpp hl2\hud_health.cpp hl2\hud_poisondamageindicator.cpp hl2\hud_quickinfo.cpp hud_squadstatus.cpp hl2\hud_suitpower.cpp hl2\hud_weaponselection.cpp hl2\hud_zoom.cpp ..\shared\script_intro_shared.cpp hl2\shieldproxy.cpp hl2\vgui_rootpanel_hl2.cpp hl2mp\c_hl2mp_player.cpp hl2mp\c_te_hl2mp_shotgun_shot.cpp hl2mp\clientmode_hl2mpnormal.cpp ..\shared\hl2mp\hl2mp_gamerules.cpp ..\shared\hl2mp\hl2mp_player_shared.cpp ..\shared\hl2mp\hl2mp_playeranimstate.cpp ..\shared\hl2mp\hl2mp_weapon_parse.cpp ..\shared\hl2mp\weapon_357.cpp ..\shared\hl2mp\weapon_ar2.cpp ..\shared\hl2mp\weapon_crossbow.cpp ..\shared\hl2mp\weapon_crowbar.cpp ..\shared\hl2mp\weapon_frag.cpp ..\shared\hl2mp\weapon_hl2mpbase.cpp ..\shared\hl2mp\weapon_hl2mpbase_machinegun.cpp ..\shared\hl2mp\weapon_hl2mpbasebasebludgeon.cpp ..\shared\hl2mp\weapon_hl2mpbasehlmpcombatweapon.cpp ..\shared\hl2mp\weapon_physcannon.cpp ..\shared\hl2mp\weapon_pistol.cpp ..\shared\hl2mp\weapon_rpg.cpp ..\shared\hl2mp\weapon_shotgun.cpp ..\shared\hl2mp\weapon_slam.cpp ..\shared\hl2mp\weapon_smg1.cpp ..\shared\hl2mp\weapon_stunstick.cpp hl2mp\ui\backgroundpanel.cpp hl2mp\hl2mp_hud_chat.cpp hl2mp\hl2mp_hud_target_id.cpp hl2mp\hl2mp_hud_team.cpp hl2mp\ui\hl2mpclientscoreboard.cpp hl2mp\ui\hl2mptextwindow.cpp hl2mp\hud_deathnotice.cpp ..\shared\Multiplayer\multiplayer_animstate.cpp mp3player.cpp ..\..\public\tools\bonelist.cpp entity_client_tools.cpp toolframework_client.cpp /MP 
     1>cl : Command line warning D9030: '/Yc' is incompatible with multiprocessing; ignoring /MP switch
         weapon_alyx_gun.cpp
         weapon_flaregun.cpp
         weapon_hmg1.cpp
         weapon_ociw.cpp
     1>..\server\hl2mp\betaguns\weapon_ociw.cpp(386): warning C4189: 'lightGreen' : local variable is initialized but not referenced
         weapon_sniper.cpp
         hl2bdm_commands.cpp
         weapon_hl2mpbase_selectfiremachinegun.cpp
         weapon_iceaxe.cpp
         achievement_notification_panel.cpp
         achievement_saverestore.cpp
         achievementmgr.cpp
         achievements_hlx.cpp
         activitylist.cpp
         alphamaterialproxy.cpp
         ammodef.cpp
         animatedentitytextureproxy.cpp
         animatedoffsettextureproxy.cpp
         animatedtextureproxy.cpp
         AnimateSpecificTextureProxy.cpp
         animation.cpp
         base_playeranimstate.cpp
         baseachievement.cpp
         baseanimatedtextureproxy.cpp
         baseclientrendertargets.cpp
         basecombatcharacter_shared.cpp
         basecombatweapon_shared.cpp
         baseentity_shared.cpp
         basegrenade_shared.cpp
         baseparticleentity.cpp
         baseplayer_shared.cpp
         basepresence.cpp
         baseviewmodel_shared.cpp
         beam_shared.cpp
         beamdraw.cpp
         bone_accessor.cpp
         bone_merge_cache.cpp
         c_ai_basehumanoid.cpp
         c_ai_basenpc.cpp
         c_baseanimating.cpp
         c_baseanimatingoverlay.cpp
         c_basecombatcharacter.cpp
         c_basecombatweapon.cpp
         c_basedoor.cpp
         c_baseentity.cpp
         c_baseflex.cpp
         c_baseplayer.cpp
         c_baseviewmodel.cpp
     1>c:\documents and settings\michael\my documents\hl2bdm\src\game\client\c_baseviewmodel.cpp(197): warning C4715: 'C_BaseViewModel::ShouldFlipViewModel' : not all control paths return a value
         c_breakableprop.cpp
         c_colorcorrection.cpp
         c_colorcorrectionvolume.cpp
         c_dynamiclight.cpp
         c_entitydissolve.cpp
         c_entityparticletrail.cpp
         c_env_fog_controller.cpp
         c_env_particlescript.cpp
         c_env_projectedtexture.cpp
         c_env_screenoverlay.cpp
         c_env_tonemap_controller.cpp
         c_fire_smoke.cpp
         c_fish.cpp
         c_func_areaportalwindow.cpp
         c_func_breakablesurf.cpp
         c_func_conveyor.cpp
         c_func_dust.cpp
         c_func_lod.cpp
         C_Func_Monitor.cpp
         c_func_occluder.cpp
         c_func_reflective_glass.cpp
         c_func_rotating.cpp
         c_func_smokevolume.cpp
         c_func_tracktrain.cpp
         c_gib.cpp
         c_hairball.cpp
         c_info_overlay_accessor.cpp
         c_lightglow.cpp
         C_MaterialModifyControl.cpp
         c_particle_system.cpp
         c_physbox.cpp
         c_physicsprop.cpp
         c_physmagnet.cpp
         c_pixel_visibility.cpp
         c_plasma.cpp
         c_playerresource.cpp
         c_point_camera.cpp
         c_point_commentary_node.cpp
         c_props.cpp
         c_ragdoll_manager.cpp
         c_rope.cpp
         c_rumble.cpp
         c_sceneentity.cpp
         c_shadowcontrol.cpp
         c_slideshow_display.cpp
         c_soundscape.cpp
         c_spotlight_end.cpp
         c_sprite.cpp
         c_sprite_perfmonitor.cpp
         c_sun.cpp
         c_team.cpp
         c_tesla.cpp
         c_test_proxytoggle.cpp
         c_user_message_register.cpp
         c_vehicle_choreo_generic.cpp
         c_vehicle_jeep.cpp
         c_vguiscreen.cpp
         c_waterbullet.cpp
         C_WaterLODControl.cpp
         c_world.cpp
         camomaterialproxy.cpp
         cdll_bounded_cvars.cpp
         cdll_client_int.cpp
         cdll_util.cpp
         cl_mat_stub.cpp
